<?xml version="1.0" encoding="UTF-8"?>
<robot generator="Robot 4.1.2 (Python 3.8.10 on linux)" generated="20230327 21:45:38.838" rpa="false" schemaversion="2">
<suite id="s1" name="UsandoLoops" source="/home/francieli/Documentos/Udemy-robot-framework-basico/Estruturas do Robot Framework/ExemplosEstruturas/UsandoLoops.robot">
<test id="s1-t1" name="Teste de REPEAT KEYWORD">
<kw name="Usando Repeat keyword">
<kw name="Log To Console" library="BuiltIn">
<arg>${\n}</arg>
<doc>Logs the given message to the console.</doc>
<status status="PASS" starttime="20230327 21:45:38.867" endtime="20230327 21:45:38.868"/>
</kw>
<kw name="Repeat Keyword" library="BuiltIn">
<arg>8x</arg>
<arg>Log To Console</arg>
<arg>Minha repetição da keyword!!!</arg>
<doc>Executes the specified keyword multiple times.</doc>
<msg timestamp="20230327 21:45:38.869" level="INFO">Repeating keyword, round 1/8.</msg>
<kw name="Log To Console" library="BuiltIn">
<arg>Minha repetição da keyword!!!</arg>
<doc>Logs the given message to the console.</doc>
<status status="PASS" starttime="20230327 21:45:38.869" endtime="20230327 21:45:38.870"/>
</kw>
<msg timestamp="20230327 21:45:38.870" level="INFO">Repeating keyword, round 2/8.</msg>
<kw name="Log To Console" library="BuiltIn">
<arg>Minha repetição da keyword!!!</arg>
<doc>Logs the given message to the console.</doc>
<status status="PASS" starttime="20230327 21:45:38.870" endtime="20230327 21:45:38.870"/>
</kw>
<msg timestamp="20230327 21:45:38.870" level="INFO">Repeating keyword, round 3/8.</msg>
<kw name="Log To Console" library="BuiltIn">
<arg>Minha repetição da keyword!!!</arg>
<doc>Logs the given message to the console.</doc>
<status status="PASS" starttime="20230327 21:45:38.871" endtime="20230327 21:45:38.871"/>
</kw>
<msg timestamp="20230327 21:45:38.871" level="INFO">Repeating keyword, round 4/8.</msg>
<kw name="Log To Console" library="BuiltIn">
<arg>Minha repetição da keyword!!!</arg>
<doc>Logs the given message to the console.</doc>
<status status="PASS" starttime="20230327 21:45:38.871" endtime="20230327 21:45:38.872"/>
</kw>
<msg timestamp="20230327 21:45:38.872" level="INFO">Repeating keyword, round 5/8.</msg>
<kw name="Log To Console" library="BuiltIn">
<arg>Minha repetição da keyword!!!</arg>
<doc>Logs the given message to the console.</doc>
<status status="PASS" starttime="20230327 21:45:38.872" endtime="20230327 21:45:38.873"/>
</kw>
<msg timestamp="20230327 21:45:38.873" level="INFO">Repeating keyword, round 6/8.</msg>
<kw name="Log To Console" library="BuiltIn">
<arg>Minha repetição da keyword!!!</arg>
<doc>Logs the given message to the console.</doc>
<status status="PASS" starttime="20230327 21:45:38.873" endtime="20230327 21:45:38.873"/>
</kw>
<msg timestamp="20230327 21:45:38.873" level="INFO">Repeating keyword, round 7/8.</msg>
<kw name="Log To Console" library="BuiltIn">
<arg>Minha repetição da keyword!!!</arg>
<doc>Logs the given message to the console.</doc>
<status status="PASS" starttime="20230327 21:45:38.874" endtime="20230327 21:45:38.874"/>
</kw>
<msg timestamp="20230327 21:45:38.874" level="INFO">Repeating keyword, round 8/8.</msg>
<kw name="Log To Console" library="BuiltIn">
<arg>Minha repetição da keyword!!!</arg>
<doc>Logs the given message to the console.</doc>
<status status="PASS" starttime="20230327 21:45:38.874" endtime="20230327 21:45:38.875"/>
</kw>
<status status="PASS" starttime="20230327 21:45:38.868" endtime="20230327 21:45:38.875"/>
</kw>
<status status="PASS" starttime="20230327 21:45:38.867" endtime="20230327 21:45:38.875"/>
</kw>
<doc>Chama uma mesma keyword várias vezes</doc>
<status status="PASS" starttime="20230327 21:45:38.866" endtime="20230327 21:45:38.876"/>
</test>
<doc>Vamos aprender a fazer LOOPS usando o Robot Framework!!</doc>
<status status="PASS" starttime="20230327 21:45:38.840" endtime="20230327 21:45:38.877"/>
</suite>
<statistics>
<total>
<stat pass="1" fail="0" skip="0">All Tests</stat>
</total>
<tag>
</tag>
<suite>
<stat pass="1" fail="0" skip="0" id="s1" name="UsandoLoops">UsandoLoops</stat>
</suite>
</statistics>
<errors>
</errors>
</robot>
