<?xml version="1.0" encoding="UTF-8"?>
<robot generator="Robot 4.1.2 (Python 3.8.10 on linux)" generated="20230322 22:51:09.366" rpa="false" schemaversion="2">
<suite id="s1" name="entregarArgumentos" source="/home/francieli/Documentos/Udemy-robot-framework-basico/RobotFramework/entregarArgumentos.robot">
<test id="s1-t1" name="Imprimir e-mail customizado">
<kw name="Criar e-mail customizado">
<var>${EMAIL}</var>
<arg>${PESSOA.nome}</arg>
<arg>${PESSOA.sobrenome}</arg>
<kw name="Generate Random String" library="String">
<var>${ALEATORIA}</var>
<doc>Generates a string with a desired ``length`` from the given ``chars``.</doc>
<msg timestamp="20230322 22:51:09.401" level="INFO">${ALEATORIA} = u6o7IpOE</msg>
<status status="PASS" starttime="20230322 22:51:09.400" endtime="20230322 22:51:09.401"/>
</kw>
<kw name="Set Variable" library="BuiltIn">
<var>${EMAIL_FINAL}</var>
<arg>${NOME}${SOBRENOME}${ALEATORIA}@testerobot.com</arg>
<doc>Returns the given values which can then be assigned to a variables.</doc>
<msg timestamp="20230322 22:51:09.402" level="INFO">${EMAIL_FINAL} = FrancieliCeleghimu6o7IpOE@testerobot.com</msg>
<status status="PASS" starttime="20230322 22:51:09.401" endtime="20230322 22:51:09.402"/>
</kw>
<msg timestamp="20230322 22:51:09.402" level="INFO">${EMAIL} = FrancieliCeleghimu6o7IpOE@testerobot.com</msg>
<status status="PASS" starttime="20230322 22:51:09.398" endtime="20230322 22:51:09.402"/>
</kw>
<kw name="Log To Console" library="BuiltIn">
<arg>${EMAIL}</arg>
<doc>Logs the given message to the console.</doc>
<status status="PASS" starttime="20230322 22:51:09.403" endtime="20230322 22:51:09.403"/>
</kw>
<status status="PASS" starttime="20230322 22:51:09.397" endtime="20230322 22:51:09.404"/>
</test>
<doc>Exemplo de e-mail customizado</doc>
<status status="PASS" starttime="20230322 22:51:09.367" endtime="20230322 22:51:09.405"/>
</suite>
<statistics>
<total>
<stat pass="1" fail="0" skip="0">All Tests</stat>
</total>
<tag>
</tag>
<suite>
<stat pass="1" fail="0" skip="0" id="s1" name="entregarArgumentos">entregarArgumentos</stat>
</suite>
</statistics>
<errors>
</errors>
</robot>
