<?xml version="1.0" encoding="UTF-8"?>
<robot generator="Robot 4.1.2 (Python 3.8.10 on linux)" generated="20230313 10:57:13.136" rpa="false" schemaversion="2">
<suite id="s1" name="Amazon Testes" source="/home/francieli/Documentos/Udemy-robot-framework-basico/RobotFramework/webtesting/amazon_testes.robot">
<test id="s1-t1" name="Caso de Teste 02 - Pesquisa de um Produto">
<kw name="Abrir o navegador" library="amazon_resources" type="SETUP">
<kw name="Open Browser" library="SeleniumLibrary">
<arg>browser=chrome</arg>
<doc>Opens a new browser instance to the optional ``url``.</doc>
<msg timestamp="20230313 10:57:13.349" level="INFO">Opening browser 'chrome' to base url 'None'.</msg>
<status status="PASS" starttime="20230313 10:57:13.348" endtime="20230313 10:57:15.138"/>
</kw>
<kw name="Maximize Browser Window" library="SeleniumLibrary">
<doc>Maximizes current browser window.</doc>
<status status="PASS" starttime="20230313 10:57:15.139" endtime="20230313 10:57:15.268"/>
</kw>
<status status="PASS" starttime="20230313 10:57:13.347" endtime="20230313 10:57:15.269"/>
</kw>
<kw name="Acessar a home page do site Amazon.com.br" library="amazon_resources">
<kw name="Go To" library="SeleniumLibrary">
<arg>url=${URL}</arg>
<doc>Navigates the current browser window to the provided ``url``.</doc>
<msg timestamp="20230313 10:57:15.272" level="INFO">Opening url 'https://www.amazon.com.br/'</msg>
<status status="PASS" starttime="20230313 10:57:15.271" endtime="20230313 10:57:22.365"/>
</kw>
<kw name="Wait Until Element Is Visible" library="SeleniumLibrary">
<arg>locator=${MENU_ELETRONICOS}</arg>
<doc>Waits until the element ``locator`` is visible.</doc>
<status status="PASS" starttime="20230313 10:57:22.365" endtime="20230313 10:57:22.784"/>
</kw>
<status status="PASS" starttime="20230313 10:57:15.270" endtime="20230313 10:57:22.784"/>
</kw>
<kw name="Digitar o nome de produto &quot;Xbox Series S&quot; no campo de pesquisa" library="amazon_resources" sourcename="Digitar o nome de produto &quot;${PRODUTO}&quot; no campo de pesquisa">
<kw name="Input Text" library="SeleniumLibrary">
<arg>locator=twotabsearchtextbox</arg>
<arg>text=${PRODUTO}</arg>
<doc>Types the given ``text`` into the text field identified by ``locator``.</doc>
<msg timestamp="20230313 10:57:22.787" level="INFO">Typing text 'Xbox Series S' into text field 'twotabsearchtextbox'.</msg>
<status status="PASS" starttime="20230313 10:57:22.786" endtime="20230313 10:57:23.360"/>
</kw>
<status status="PASS" starttime="20230313 10:57:22.785" endtime="20230313 10:57:23.361"/>
</kw>
<kw name="Clicar no botão de pesquisa" library="amazon_resources">
<kw name="Click Element" library="SeleniumLibrary">
<arg>locator=nav-search-submit-button</arg>
<doc>Click the element identified by ``locator``.</doc>
<msg timestamp="20230313 10:57:23.364" level="INFO">Clicking element 'nav-search-submit-button'.</msg>
<status status="PASS" starttime="20230313 10:57:23.363" endtime="20230313 10:57:23.635"/>
</kw>
<status status="PASS" starttime="20230313 10:57:23.362" endtime="20230313 10:57:23.636"/>
</kw>
<kw name="Verificar o resultado da pesquisa se está listando o produto &quot;Console Xbox Series S&quot;" library="amazon_resources" sourcename="Verificar o resultado da pesquisa se está listando o produto &quot;${PRODUTO}&quot;">
<kw name="Wait Until Element Is Visible" library="SeleniumLibrary">
<arg>locator=(//span[contains(.,'${PRODUTO}')])[2]</arg>
<doc>Waits until the element ``locator`` is visible.</doc>
<status status="PASS" starttime="20230313 10:57:23.637" endtime="20230313 10:57:24.880"/>
</kw>
<status status="PASS" starttime="20230313 10:57:23.636" endtime="20230313 10:57:24.880"/>
</kw>
<kw name="Fechar o navegador" library="amazon_resources" type="TEARDOWN">
<kw name="Capture Page Screenshot" library="SeleniumLibrary">
<doc>Takes a screenshot of the current page and embeds it into a log file.</doc>
<msg timestamp="20230313 10:57:25.574" level="INFO" html="true">&lt;/td&gt;&lt;/tr&gt;&lt;tr&gt;&lt;td colspan="3"&gt;&lt;a href="selenium-screenshot-7.png"&gt;&lt;img src="selenium-screenshot-7.png" width="800px"&gt;&lt;/a&gt;</msg>
<status status="PASS" starttime="20230313 10:57:24.881" endtime="20230313 10:57:25.575"/>
</kw>
<kw name="Close Browser" library="SeleniumLibrary">
<doc>Closes the current browser.</doc>
<status status="PASS" starttime="20230313 10:57:25.576" endtime="20230313 10:57:25.705"/>
</kw>
<status status="PASS" starttime="20230313 10:57:24.881" endtime="20230313 10:57:25.706"/>
</kw>
<doc>Esse teste verifica a busca de um produto</doc>
<tag>busca_produtos</tag>
<tag>lista_busca</tag>
<status status="PASS" starttime="20230313 10:57:13.345" endtime="20230313 10:57:25.710"/>
</test>
<doc>Essa suíte de testa o site da Amazon.com.br</doc>
<status status="PASS" starttime="20230313 10:57:13.137" endtime="20230313 10:57:25.719"/>
</suite>
<statistics>
<total>
<stat pass="1" fail="0" skip="0">All Tests</stat>
</total>
<tag>
<stat pass="1" fail="0" skip="0">busca_produtos</stat>
<stat pass="1" fail="0" skip="0">lista_busca</stat>
</tag>
<suite>
<stat pass="1" fail="0" skip="0" id="s1" name="Amazon Testes">Amazon Testes</stat>
</suite>
</statistics>
<errors>
</errors>
</robot>
